<?xml version="1.0" encoding="UTF-8"?>
<robot generator="Robot 3.2.2 (Python 3.8.7 on win32)" generated="20210207 05:15:07.313" rpa="false">
<suite id="s1" name="Test" source="C:\Users\Admin\PycharmProjects\Rob\Test">
<suite id="s1-s1" name="Second" source="C:\Users\Admin\PycharmProjects\Rob\Test\Second.robot">
<test id="s1-s1-t1" name="TEST">
<kw name="Log My Specific Username and Password" library="Resource">
<arguments>
<arg>${DICTIONARY}[username]</arg>
<arg>${DICTIONARY}[password]</arg>
</arguments>
<msg timestamp="20210207 05:15:07.409" level="TRACE">Arguments: [ ${UserName}='testuser' | ${Password}='test' ]</msg>
<kw name="Log" library="BuiltIn">
<doc>Logs the given message with the given level.</doc>
<arguments>
<arg>${UserName}</arg>
</arguments>
<msg timestamp="20210207 05:15:07.409" level="TRACE">Arguments: [ 'testuser' ]</msg>
<msg timestamp="20210207 05:15:07.409" level="INFO">testuser</msg>
<msg timestamp="20210207 05:15:07.409" level="TRACE">Return: None</msg>
<status status="PASS" starttime="20210207 05:15:07.409" endtime="20210207 05:15:07.409"></status>
</kw>
<kw name="Log" library="BuiltIn">
<doc>Logs the given message with the given level.</doc>
<arguments>
<arg>${Password}</arg>
</arguments>
<msg timestamp="20210207 05:15:07.409" level="TRACE">Arguments: [ 'test' ]</msg>
<msg timestamp="20210207 05:15:07.409" level="INFO">test</msg>
<msg timestamp="20210207 05:15:07.409" level="TRACE">Return: None</msg>
<status status="PASS" starttime="20210207 05:15:07.409" endtime="20210207 05:15:07.409"></status>
</kw>
<msg timestamp="20210207 05:15:07.409" level="TRACE">Return: None</msg>
<status status="PASS" starttime="20210207 05:15:07.409" endtime="20210207 05:15:07.409"></status>
</kw>
<tags>
<tag>demo</tag>
</tags>
<status status="PASS" starttime="20210207 05:15:07.401" endtime="20210207 05:15:07.417" critical="yes"></status>
</test>
<status status="PASS" starttime="20210207 05:15:07.393" endtime="20210207 05:15:07.417"></status>
</suite>
<suite id="s1-s2" name="Test" source="C:\Users\Admin\PycharmProjects\Rob\Test\test.robot">
<test id="s1-s2-t1" name="TEST">
<kw name="Log My Specific Username and Password" library="Resource">
<arguments>
<arg>${DICTIONARY}[username]</arg>
<arg>${DICTIONARY}[password]</arg>
</arguments>
<msg timestamp="20210207 05:15:07.449" level="TRACE">Arguments: [ ${UserName}='testuser' | ${Password}='test' ]</msg>
<kw name="Log" library="BuiltIn">
<doc>Logs the given message with the given level.</doc>
<arguments>
<arg>${UserName}</arg>
</arguments>
<msg timestamp="20210207 05:15:07.449" level="TRACE">Arguments: [ 'testuser' ]</msg>
<msg timestamp="20210207 05:15:07.449" level="INFO">testuser</msg>
<msg timestamp="20210207 05:15:07.449" level="TRACE">Return: None</msg>
<status status="PASS" starttime="20210207 05:15:07.449" endtime="20210207 05:15:07.457"></status>
</kw>
<kw name="Log" library="BuiltIn">
<doc>Logs the given message with the given level.</doc>
<arguments>
<arg>${Password}</arg>
</arguments>
<msg timestamp="20210207 05:15:07.457" level="TRACE">Arguments: [ 'test' ]</msg>
<msg timestamp="20210207 05:15:07.457" level="INFO">test</msg>
<msg timestamp="20210207 05:15:07.457" level="TRACE">Return: None</msg>
<status status="PASS" starttime="20210207 05:15:07.457" endtime="20210207 05:15:07.457"></status>
</kw>
<msg timestamp="20210207 05:15:07.457" level="TRACE">Return: None</msg>
<status status="PASS" starttime="20210207 05:15:07.449" endtime="20210207 05:15:07.457"></status>
</kw>
<tags>
<tag>demo</tag>
</tags>
<status status="PASS" starttime="20210207 05:15:07.449" endtime="20210207 05:15:07.457" critical="yes"></status>
</test>
<doc>This is my first test case</doc>
<status status="PASS" starttime="20210207 05:15:07.417" endtime="20210207 05:15:07.457"></status>
</suite>
<status status="PASS" starttime="20210207 05:15:07.321" endtime="20210207 05:15:07.465"></status>
</suite>
<statistics>
<total>
<stat pass="2" fail="0">Critical Tests</stat>
<stat pass="2" fail="0">All Tests</stat>
</total>
<tag>
<stat pass="2" fail="0">demo</stat>
</tag>
<suite>
<stat pass="2" fail="0" id="s1" name="Test">Test</stat>
<stat pass="1" fail="0" id="s1-s1" name="Second">Test.Second</stat>
<stat pass="1" fail="0" id="s1-s2" name="Test">Test.Test</stat>
</suite>
</statistics>
<errors>
<msg timestamp="20210207 05:15:07.297" level="ERROR">Error in file 'C:\Users\Admin\PycharmProjects\Rob\Test\test.robot' on line 4: Setting 'Documentation' is allowed only once. Only the first value is used.</msg>
</errors>
</robot>
